<?xml version="1.0" encoding="UTF-8"?>
<!-- Generated by org.testng.reporters.JUnitXMLReporter -->
<testsuite hostname="D-113065398" ignored="2" name="framework" tests="6" failures="1" timestamp="23 Feb 2018 09:41:30 GMT" time="0.071" errors="0">
  <testcase name="@AfterMethod getResult" time="0.0" classname="pageoperations.ExtentReportsClass">
    <failure type="java.lang.NullPointerException">
      <![CDATA[java.lang.NullPointerException
	at pageoperations.ExtentReportsClass.getResult(ExtentReportsClass.java:58)
... Removed 27 stack frames]]>
    </failure>
  </testcase> <!-- @AfterMethod getResult -->
  <testcase name="@AfterMethod getResult" time="0.0" classname="pageoperations.ExtentReportsClass">
    <skipped/>
  </testcase> <!-- @AfterMethod getResult -->
  <testcase name="@AfterMethod getResult" time="0.0" classname="pageoperations.ExtentReportsClass">
    <skipped/>
  </testcase> <!-- @AfterMethod getResult -->
  <testcase name="Test1" time="0.016" classname="com.opencart.tests.TestNG1"/>
  <testcase name="Test2" time="0.0" classname="com.opencart.tests.TestNG1"/>
  <testcase name="Test3" time="0.0" classname="com.opencart.tests.TestNG1"/>
  <testcase name="Test4" time="0.0" classname="com.opencart.tests.TestNG2">
    <failure type="java.lang.NullPointerException">
      <![CDATA[java.lang.NullPointerException
	at com.opencart.tests.TestNG2.Test4(TestNG2.java:25)
... Removed 25 stack frames]]>
    </failure>
  </testcase> <!-- Test4 -->
  <testcase name="Test5" time="0.0" classname="com.opencart.tests.TestNG2">
    <skipped/>
  </testcase> <!-- Test5 -->
  <testcase name="Test6" time="0.0" classname="com.opencart.tests.TestNG2">
    <skipped/>
  </testcase> <!-- Test6 -->
  <testcase name="@AfterSuite endReport" time="0.0" classname="pageoperations.ExtentReportsClass">
    <ignored/>
  </testcase> <!-- @AfterSuite endReport -->
  <testcase name="@BeforeSuite startReport" time="0.0" classname="pageoperations.ExtentReportsClass">
    <ignored/>
  </testcase> <!-- @BeforeSuite startReport -->
</testsuite> <!-- framework -->
